<?xml version="1.0" encoding="UTF-8"?>
<!-- Generated by org.testng.reporters.JUnitReportReporter -->
<testsuite hostname="DESKTOP-BGE3OTG" failures="0" tests="2" name="pages.Search_page" time="42.998" errors="0" timestamp="2025-01-13T00:56:23 IST" skipped="0">
  <testcase classname="pages.Search_page" name="search_items" time="40.989"/>
  <system-out>
    <![CDATA[<br><img src='screenshots/.\test-output\screenshots\20250113_005619.png' height='300' width='300'/><br>
<br><img src='screenshots/.\test-output\screenshots\20250113_005620.png' height='300' width='300'/><br>
<br><img src='screenshots/.\test-output\screenshots\20250113_005621.png' height='300' width='300'/><br>]]>
  </system-out>
  <testcase classname="pages.Search_page" name="pagesetup" time="2.009"/>
  <system-out/>
</testsuite> <!-- pages.Search_page -->
