<?xml version="1.0" encoding="UTF-8"?>
<!-- Generated by org.testng.reporters.JUnitReportReporter -->
<testsuite hostname="DESKTOP-BGE3OTG" failures="0" tests="2" name="pages.Search_page" time="41.631" errors="0" timestamp="2025-01-12T16:46:33 IST" skipped="0">
  <testcase classname="pages.Search_page" name="search_items" time="39.735"/>
  <system-out>
    <![CDATA[test
<br><img src='screenshots/.\test-output\screenshots\20250112_164631.png' height='300' width='300'/><br>
test
<br><img src='screenshots/.\test-output\screenshots\20250112_164632.png' height='300' width='300'/><br>
test
<br><img src='screenshots/.\test-output\screenshots\20250112_164633.png' height='300' width='300'/><br>]]>
  </system-out>
  <testcase classname="pages.Search_page" name="pagesetup" time="1.896"/>
  <system-out/>
</testsuite> <!-- pages.Search_page -->
