<?xml version="1.0" encoding="UTF-8"?>
<!-- Generated by org.testng.reporters.JUnitReportReporter -->
<testsuite hostname="DESKTOP-BGE3OTG" failures="0" tests="1" name="tests.BaseClass" time="0.007" errors="0" timestamp="2025-01-06T01:47:54 IST" skipped="0">
  <testcase classname="tests.BaseClass" name="test" time="0.007"/>
  <system-out/>
</testsuite> <!-- tests.BaseClass -->
