<?xml version="1.0" encoding="UTF-8"?>
<!-- Generated by org.testng.reporters.JUnitReportReporter -->
<testsuite hostname="DESKTOP-BGE3OTG" failures="0" tests="2" name="tests.Tests" time="51.873" errors="0" timestamp="2025-01-13T01:14:05 IST" skipped="0">
  <testcase classname="tests.Tests" name="pagesetup" time="7.273"/>
  <system-out/>
  <testcase classname="tests.Tests" name="search_items" time="44.600"/>
  <system-out>
    <![CDATA[<br><img src='screenshots/.\test-output\screenshots\20250113_011358.png' height='300' width='300'/><br>
<br><img src='screenshots/.\test-output\screenshots\20250113_011359.png' height='300' width='300'/><br>
<br><img src='screenshots/.\test-output\screenshots\20250113_011404.png' height='300' width='300'/><br>]]>
  </system-out>
</testsuite> <!-- tests.Tests -->
