<?xml version="1.0" encoding="UTF-8"?>
<!-- Generated by org.testng.reporters.JUnitReportReporter -->
<testsuite hostname="DESKTOP-BGE3OTG" failures="0" tests="2" name="tests.Tests" time="42.231" errors="0" timestamp="2025-01-12T20:10:04 IST" skipped="0">
  <testcase classname="tests.Tests" name="search_items" time="40.357"/>
  <system-out>
    <![CDATA[<br><img src='screenshots/.\test-output\screenshots\20250112_201002.png' height='300' width='300'/><br>
<br><img src='screenshots/.\test-output\screenshots\20250112_201003.png' height='300' width='300'/><br>
<br><img src='screenshots/.\test-output\screenshots\20250112_201004.png' height='300' width='300'/><br>]]>
  </system-out>
  <testcase classname="tests.Tests" name="pagesetup" time="1.874"/>
  <system-out/>
</testsuite> <!-- tests.Tests -->
